<?xml version="1.0" encoding="UTF-8"?>
<omf>
  <resource>
    <creator>
      gdocteam@sun.com (Sun Microsystems)
    </creator>
    <maintainer>
      gdocteam@sun.com (Sun Microsystems)
    </maintainer>
    <title>
      Manual fär File Roller, version 2.2.1
    </title>
    <date>
      2003-08-28
    </date>
    <version identifier="2.2.1" date="2003-08-28" description="Uppdaterad för GNOME 2.4, programversion 2.2.5"/>
    <subject category="GNOME|Applications|Accessories"/>
    <description>
      Användarhandbok fär programmet File Roller. 
    </description>
    <type>
      användarhandbok
    </type>
    <format mime="text/xml" dtd="-//OASIS//DTD DocBook XML V4.1.2//EN"/>
    <identifier url="file:/opt/gnome2.6/share/gnome/help/file-roller/sv/file-roller.xml"/>
    <language code="sv"/>
    <relation seriesid="dffe1822-789b-11d6-842e-812e852e3415"/>
    <rights type="GNU FDL" license.version="1.1" holder="Sun Microsystems"/>
  </resource>        
</omf>
