<?xml version="1.0" encoding="UTF-8"?>
<omf>
  <resource>
    <creator>
      gdocteam@sun.com (Sun Microsystems)
    </creator>
    <maintainer>
      gdocteam@sun.com (Sun Microsystems)
    </maintainer>
    <title>
      File Roller 手冊 V2.2.1
    </title>
    <date>
      2003 年 8 月 28 日
    </date>
    <version identifier="2.2.1" date="2003-08-28" description="Updated for GNOME 2.4, program version 2.2.5"/>
    <subject category="GNOME|Applications|Accessories"/>
    <description>
      File Roller 應用程式使用者指南。
    </description>
    <type>
      使用者指南
    </type>
    <format mime="text/xml" dtd="-//OASIS//DTD DocBook XML V4.1.2//EN"/>
    <identifier url="file:/opt/gnome2.6/share/gnome/help/file-roller/zh_TW/file-roller.xml"/>
    <language code="zh_TW"/>
    <relation seriesid="dffe1822-789b-11d6-842e-812e852e3415"/>
    <rights type="GNU FDL" license.version="1.1" holder="Sun Microsystems"/>
  </resource>        
</omf>
