<?xml version="1.0" encoding="UTF-8"?>
<omf>
  <resource>
    <creator>
      gdocteam@sun.com (Sun Microsystems)
    </creator>
    <maintainer>
      gdocteam@sun.com (Sun Microsystems)
    </maintainer>
    <title>
      File Roller 手册 V2.2.1
    </title>
    <date>
      2003-08-28
    </date>
    <version identifier="2.2.1" date="2003-08-28" description="Updated for GNOME 2.4, program version 2.2.5"/>
    <subject category="GNOME|Applications|Accessories"/>
    <description>
File Roller 应用程序的用户手册。
    </description>
    <type>
      用户指南
    </type>
    <format mime="text/xml" dtd="-//OASIS//DTD DocBook XML V4.1.2//EN"/>
    <identifier url="file:/gnome/head/INSTALL//share/gnome/help/file-roller/zh_CN/file-roller.xml"/>
    <language code="zh_CN"/>
    <relation seriesid="dffe1822-789b-11d6-842e-812e852e3415"/>
    <rights type="GNU FDL" license.version="1.1" holder="Sun Microsystems"/>
  </resource>        
</omf>
